[learn-spring-boot_master-5IZRILFYVP2NZBJIL3PT27FDJGNXJW5ANMIZNCK2UNPCCMTZMW2A] Running shell script
+ docker pull openjdk:8-jre
8-jre: Pulling from library/openjdk
06b22ddb1913: Already exists
336c28b408ed: Already exists
1f3e6b8d80c3: Already exists
aeac59510475: Pulling fs layer
b01db8bd8540: Pulling fs layer
f7f398af5fea: Pulling fs layer
1c5595fa1317: Pulling fs layer
e1a6cc83dc3d: Pulling fs layer
1c5595fa1317: Waiting
e1a6cc83dc3d: Waiting
b01db8bd8540: Verifying Checksum
b01db8bd8540: Download complete
f7f398af5fea: Verifying Checksum
f7f398af5fea: Download complete
aeac59510475: Download complete
aeac59510475: Pull complete
b01db8bd8540: Pull complete
f7f398af5fea: Pull complete
e1a6cc83dc3d: Verifying Checksum
e1a6cc83dc3d: Download complete
1c5595fa1317: Verifying Checksum
1c5595fa1317: Download complete
1c5595fa1317: Pull complete
e1a6cc83dc3d: Pull complete
Digest: sha256:778ed3bfa1165964c12412c1c32259b4d45406f74728f0518e9036427e43337b
Status: Downloaded newer image for openjdk:8-jre
