Started by user [8mha:////4KWpxg7ZO8Tz+upK1aGmMSCC1yyafsbd6tvgc8d9DwogAAAAlx+LCAAAAAAAAP9b85aBtbiIQTGjNKU4P08vOT+vOD8nVc83PyU1x6OyILUoJzMv2y+/JJUBAhiZGBgqihhk0NSjKDWzXb3RdlLBUSYGJk8GtpzUvPSSDB8G5tKinBIGIZ+sxLJE/ZzEvHT94JKizLx0a6BxUmjGOUNodHsLgAzWEgZu/dLi1CL9xJTczDwAj6GcLcAAAAA=[0madmin
[Mon Jul 31 14:27:12 GMT 2017] Starting branch indexing...
Creating git repository in /var/jenkins_home/caches/git-f3a07e164ff5de726f3f840ea95b75a6
 > git init /var/jenkins_home/caches/git-f3a07e164ff5de726f3f840ea95b75a6 # timeout=10
Setting origin to https://github.com/dqisme/learn-spring-boot.git
 > git config remote.origin.url https://github.com/dqisme/learn-spring-boot.git # timeout=10
Fetching origin...
Fetching upstream changes from origin
 > git --version # timeout=10
 > git fetch --tags --progress origin +refs/heads/*:refs/remotes/origin/*
 > git ls-remote --symref https://github.com/dqisme/learn-spring-boot.git # timeout=10
 > git rev-parse --is-inside-work-tree # timeout=10
Setting origin to https://github.com/dqisme/learn-spring-boot.git
 > git config remote.origin.url https://github.com/dqisme/learn-spring-boot.git # timeout=10
Fetching & pruning origin...
Fetching upstream changes from origin
 > git --version # timeout=10
 > git fetch --tags --progress origin +refs/heads/*:refs/remotes/origin/* --prune
Listing remote references...
 > git config --get remote.origin.url # timeout=10
 > git ls-remote -h https://github.com/dqisme/learn-spring-boot.git # timeout=10
Checking branches...
  Checking branch master
      ‘Jenkinsfile’ found
    Met criteria
Scheduled build for branch: master
Processed 1 branches
[Mon Jul 31 14:27:20 GMT 2017] Finished branch indexing. Indexing took 8 sec
Finished: SUCCESS
