--- Copying files at Mon Jul 31 14:21:28 UTC 2017
INSTALLED plugins/display-url-api.jpi : 2.0
INSTALLED plugins/blueocean-pipeline-editor.jpi : 0.2.0
INSTALLED plugins/pubsub-light.jpi : 1.12
INSTALLED plugins/blueocean-github-pipeline.jpi : 1.1.5
INSTALLED plugins/blueocean-events.jpi : 1.1.5
INSTALLED plugins/mailer.jpi : 1.20
INSTALLED plugins/matrix-project.jpi : 1.11
INSTALLED plugins/structs.jpi : 1.9
INSTALLED plugins/blueocean-i18n.jpi : 1.1.5
INSTALLED plugins/blueocean-jwt.jpi : 1.1.5
INSTALLED plugins/blueocean-commons.jpi : 1.1.5
INSTALLED plugins/favorite.jpi : 2.3.0
INSTALLED plugins/workflow-support.jpi : 2.14
INSTALLED plugins/blueocean-display-url.jpi : 2.1.0
INSTALLED plugins/docker-workflow.jpi : 1.12
INSTALLED plugins/durable-task.jpi : 1.14
INSTALLED plugins/github-api.jpi : 1.86
INSTALLED plugins/cloudbees-folder.jpi : 6.1.0
INSTALLED plugins/jquery-detached.jpi : 1.2.1
INSTALLED plugins/docker-commons.jpi : 1.8
INSTALLED plugins/workflow-multibranch.jpi : 2.16
INSTALLED plugins/pipeline-model-definition.jpi : 1.1.9
INSTALLED plugins/blueocean-config.jpi : 1.1.5
INSTALLED plugins/blueocean-pipeline-scm-api.jpi : 1.1.5
INSTALLED plugins/pipeline-model-extensions.jpi : 1.1.9
INSTALLED plugins/pipeline-model-api.jpi : 1.1.9
INSTALLED plugins/blueocean-dashboard.jpi : 1.1.5
INSTALLED plugins/jackson2-api.jpi : 2.7.3
INSTALLED plugins/ssh-credentials.jpi : 1.13
INSTALLED plugins/authentication-tokens.jpi : 1.3
INSTALLED plugins/credentials.jpi : 2.1.14
INSTALLED plugins/blueocean-autofavorite.jpi : 1.0.0
INSTALLED plugins/workflow-job.jpi : 2.11
INSTALLED plugins/credentials-binding.jpi : 1.12
INSTALLED plugins/workflow-cps-global-lib.jpi : 2.8
INSTALLED plugins/pipeline-graph-analysis.jpi : 1.4
INSTALLED plugins/git-server.jpi : 1.7
INSTALLED plugins/pipeline-stage-step.jpi : 2.2
INSTALLED plugins/pipeline-stage-tags-metadata.jpi : 1.1.9
INSTALLED plugins/ace-editor.jpi : 1.1
INSTALLED plugins/pipeline-input-step.jpi : 2.7
INSTALLED plugins/blueocean-git-pipeline.jpi : 1.1.5
INSTALLED plugins/matrix-auth.jpi : 1.7
INSTALLED plugins/github-branch-source.jpi : 2.2.3
INSTALLED plugins/branch-api.jpi : 2.0.11
INSTALLED plugins/variant.jpi : 1.1
INSTALLED plugins/junit.jpi : 1.20
INSTALLED plugins/pipeline-model-declarative-agent.jpi : 1.1.1
INSTALLED plugins/sse-gateway.jpi : 1.15
INSTALLED plugins/workflow-cps.jpi : 2.37
INSTALLED plugins/token-macro.jpi : 2.1
INSTALLED plugins/blueocean-rest-impl.jpi : 1.1.5
INSTALLED plugins/workflow-durable-task-step.jpi : 2.13
INSTALLED plugins/git-client.jpi : 2.5.0
INSTALLED plugins/blueocean-pipeline-api-impl.jpi : 1.1.5
INSTALLED plugins/metrics.jpi : 3.1.2.10
INSTALLED plugins/workflow-basic-steps.jpi : 2.6
INSTALLED plugins/workflow-scm-step.jpi : 2.6
INSTALLED plugins/icon-shim.jpi : 2.0.3
INSTALLED plugins/blueocean.jpi : 1.1.5
INSTALLED plugins/workflow-step-api.jpi : 2.12
INSTALLED plugins/scm-api.jpi : 2.2.0
INSTALLED plugins/workflow-api.jpi : 2.19
INSTALLED plugins/script-security.jpi : 1.30
INSTALLED plugins/blueocean-web.jpi : 1.1.5
INSTALLED plugins/git.jpi : 3.5.0
INSTALLED plugins/antisamy-markup-formatter.jpi : 1.5
INSTALLED plugins/blueocean-personalization.jpi : 1.1.5
INSTALLED plugins/plain-credentials.jpi : 1.4
INSTALLED plugins/blueocean-rest.jpi : 1.1.5
INSTALLED plugins/github.jpi : 1.27.0
INSTALLED init.groovy.d/tcp-slave-agent-port.groovy
--- Copying files at Mon Jul 31 15:27:46 UTC 2017
